<?xml version="1.0" encoding="UTF-8"?>
<testsuite xmlns:xsi="http://www.w3.org/2001/XMLSchema-instance" xsi:noNamespaceSchemaLocation="https://maven.apache.org/surefire/maven-surefire-plugin/xsd/surefire-test-report.xsd" name="com.cts.rabo.service.ServiceTest" time="0.872" tests="9" errors="0" skipped="0" failures="0">
  <properties>
[...]
</properties>
  <testcase name="validateEndBalanceTest" classname="com.cts.rabo.service.ServiceTest" time="0.033"/>
  <testcase name="globalExceptionTest" classname="com.cts.rabo.service.ServiceTest" time="0.006"/>
  <testcase name="divideFileTypeTest" classname="com.cts.rabo.service.ServiceTest" time="0.018"/>
  <testcase name="parsingCSVTest" classname="com.cts.rabo.service.ServiceTest" time="0.024"/>
  <testcase name="invalidFileExceptionTest" classname="com.cts.rabo.service.ServiceTest" time="0.001"/>
  <testcase name="parsingXMLTest" classname="com.cts.rabo.service.ServiceTest" time="0.368"/>
  <testcase name="raboExceptionTest" classname="com.cts.rabo.service.ServiceTest" time="0.002"/>
  <testcase name="negativeFileTypeTest" classname="com.cts.rabo.service.ServiceTest" time="0.001"/>
  <testcase name="extractDuplicateRefTest" classname="com.cts.rabo.service.ServiceTest" time="0.007"/>
</testsuite>